#
# There is insufficient memory for the Java Runtime Environment to continue.
# Native memory allocation (mmap) failed to map 65536 bytes for Failed to commit metaspace.
# Possible reasons:
#   The system is out of physical RAM or swap space
#   The process is running with CompressedOops enabled, and the Java Heap may be blocking the growth of the native heap
# Possible solutions:
#   Reduce memory load on the system
#   Increase physical memory or swap space
#   Check if swap backing store is full
#   Decrease Java heap size (-Xmx/-Xms)
#   Decrease number of Java threads
#   Decrease Java thread stack sizes (-Xss)
#   Set larger code cache with -XX:ReservedCodeCacheSize=
#   JVM is running with Unscaled Compressed Oops mode in which the Java heap is
#     placed in the first 4GB address space. The Java Heap base address is the
#     maximum limit for the native heap growth. Please use -XX:HeapBaseMinAddress
#     to set the Java Heap base and to place the Java Heap above 4GB virtual address.
# This output file may be truncated or incomplete.
#
#  Out of Memory Error (virtualSpaceNode.cpp:110), pid=13528, tid=20556
#
# JRE version: OpenJDK Runtime Environment Temurin-17.0.5+8 (17.0.5+8) (build 17.0.5+8)
# Java VM: OpenJDK 64-Bit Server VM Temurin-17.0.5+8 (17.0.5+8, mixed mode, emulated-client, tiered, compressed oops, compressed class ptrs, g1 gc, windows-amd64)
# No core dump will be written. Minidumps are not enabled by default on client versions of Windows
#

---------------  S U M M A R Y ------------

Command Line: -Dcom.sun.management.jmxremote -Dcom.sun.management.jmxremote.port=58027 -Dcom.sun.management.jmxremote.authenticate=false -Dcom.sun.management.jmxremote.ssl=false -Djava.rmi.server.hostname=localhost -Dspring.jmx.enabled=true -Dmanagement.endpoints.jmx.exposure.include=* -Dspring.application.admin.enabled=true -XX:TieredStopAtLevel=1 -Dspring.boot.project.name=OnlinePlantNurseryApplication -Dfile.encoding=UTF-8 -XX:+ShowCodeDetailsInExceptionMessages com.masai.OnlinePlantNurseryApplication --spring.output.ansi.enabled=always

Host: Intel(R) Core(TM) i3-6006U CPU @ 2.00GHz, 4 cores, 7G,  Windows 10 , 64 bit Build 19041 (10.0.19041.2546)
Time: Thu Mar 30 19:07:34 2023 India Standard Time elapsed time: 12.161688 seconds (0d 0h 0m 12s)

---------------  T H R E A D  ---------------

Current thread (0x00000203cc32b880):  JavaThread "restartedMain" [_thread_in_vm, id=20556, stack(0x000000a83c300000,0x000000a83c400000)]

Stack: [0x000000a83c300000,0x000000a83c400000]
Native frames: (J=compiled Java code, j=interpreted, Vv=VM code, C=native code)
V  [jvm.dll+0x676b3a]
V  [jvm.dll+0x831444]
V  [jvm.dll+0x832bee]
V  [jvm.dll+0x833253]
V  [jvm.dll+0x244ce5]
V  [jvm.dll+0x82d4db]
V  [jvm.dll+0x61b2f6]
V  [jvm.dll+0x1bfd2e]
V  [jvm.dll+0x61dc41]
V  [jvm.dll+0x61bc96]
V  [jvm.dll+0x625b37]
V  [jvm.dll+0x1e99bb]
V  [jvm.dll+0x1e9ef5]
V  [jvm.dll+0x1ea92f]
V  [jvm.dll+0x1dfdd1]
V  [jvm.dll+0x53be30]
V  [jvm.dll+0x7ac5a8]
V  [jvm.dll+0x7ac694]
V  [jvm.dll+0x40ba25]
V  [jvm.dll+0x411bb8]
C  [java.dll+0x17ec]

Java frames: (J=compiled Java code, j=interpreted, Vv=VM code)
J 1192  java.lang.ClassLoader.defineClass1(Ljava/lang/ClassLoader;Ljava/lang/String;[BIILjava/security/ProtectionDomain;Ljava/lang/String;)Ljava/lang/Class; java.base@17.0.5 (0 bytes) @ 0x00000203c0aa965b [0x00000203c0aa95a0+0x00000000000000bb]
J 1380 c1 java.lang.ClassLoader.defineClass(Ljava/lang/String;[BIILjava/security/ProtectionDomain;)Ljava/lang/Class; java.base@17.0.5 (43 bytes) @ 0x00000203c0af49dc [0x00000203c0af48e0+0x00000000000000fc]
J 1223 c1 jdk.internal.loader.BuiltinClassLoader.defineClass(Ljava/lang/String;Ljdk/internal/loader/Resource;)Ljava/lang/Class; java.base@17.0.5 (121 bytes) @ 0x00000203c0ab8144 [0x00000203c0ab7ca0+0x00000000000004a4]
J 1213 c1 jdk.internal.loader.BuiltinClassLoader.findClassOnClassPathOrNull(Ljava/lang/String;)Ljava/lang/Class; java.base@17.0.5 (64 bytes) @ 0x00000203c0ab1e9c [0x00000203c0ab1c00+0x000000000000029c]
J 1070 c1 jdk.internal.loader.BuiltinClassLoader.loadClassOrNull(Ljava/lang/String;Z)Ljava/lang/Class; java.base@17.0.5 (143 bytes) @ 0x00000203c0a6b544 [0x00000203c0a6b100+0x0000000000000444]
J 1141 c1 jdk.internal.loader.ClassLoaders$AppClassLoader.loadClass(Ljava/lang/String;Z)Ljava/lang/Class; java.base@17.0.5 (40 bytes) @ 0x00000203c0a96124 [0x00000203c0a95fe0+0x0000000000000144]
J 1131 c1 java.lang.ClassLoader.loadClass(Ljava/lang/String;)Ljava/lang/Class; java.base@17.0.5 (7 bytes) @ 0x00000203c0a921e4 [0x00000203c0a921a0+0x0000000000000044]
v  ~StubRoutines::call_stub
j  org.springframework.data.mapping.model.EntityInstantiators.<init>(Ljava/util/Map;)V+1
j  org.springframework.data.mapping.model.EntityInstantiators.<init>()V+4
j  org.springframework.data.mapping.context.AbstractMappingContext.<init>()V+97
j  org.springframework.data.jpa.mapping.JpaMetamodelMappingContext.<init>(Ljava/util/Set;)V+1
j  org.springframework.data.jpa.repository.config.JpaMetamodelMappingContextFactoryBean.createInstance()Lorg/springframework/data/jpa/mapping/JpaMetamodelMappingContext;+29
j  org.springframework.data.jpa.repository.config.JpaMetamodelMappingContextFactoryBean.createInstance()Ljava/lang/Object;+1
j  org.springframework.beans.factory.config.AbstractFactoryBean.afterPropertiesSet()V+14
j  org.springframework.beans.factory.support.AbstractAutowireCapableBeanFactory.invokeInitMethods(Ljava/lang/String;Ljava/lang/Object;Lorg/springframework/beans/factory/support/RootBeanDefinition;)V+56
j  org.springframework.beans.factory.support.AbstractAutowireCapableBeanFactory.initializeBean(Ljava/lang/String;Ljava/lang/Object;Lorg/springframework/beans/factory/support/RootBeanDefinition;)Ljava/lang/Object;+34
j  org.springframework.beans.factory.support.AbstractAutowireCapableBeanFactory.doCreateBean(Ljava/lang/String;Lorg/springframework/beans/factory/support/RootBeanDefinition;[Ljava/lang/Object;)Ljava/lang/Object;+228
j  org.springframework.beans.factory.support.AbstractAutowireCapableBeanFactory.createBean(Ljava/lang/String;Lorg/springframework/beans/factory/support/RootBeanDefinition;[Ljava/lang/Object;)Ljava/lang/Object;+153
j  org.springframework.beans.factory.support.AbstractBeanFactory.lambda$doGetBean$0(Ljava/lang/String;Lorg/springframework/beans/factory/support/RootBeanDefinition;[Ljava/lang/Object;)Ljava/lang/Object;+4
j  org.springframework.beans.factory.support.AbstractBeanFactory$$Lambda$344+0x00000001002d6740.getObject()Ljava/lang/Object;+16
j  org.springframework.beans.factory.support.DefaultSingletonBeanRegistry.getSingleton(Ljava/lang/String;Lorg/springframework/beans/factory/ObjectFactory;)Ljava/lang/Object;+114
J 2610 c1 org.springframework.beans.factory.support.AbstractBeanFactory.doGetBean(Ljava/lang/String;Ljava/lang/Class;[Ljava/lang/Object;Z)Ljava/lang/Object; (714 bytes) @ 0x00000203c0ced86c [0x00000203c0ced2c0+0x00000000000005ac]
j  org.springframework.beans.factory.support.AbstractBeanFactory.getBean(Ljava/lang/String;)Ljava/lang/Object;+5
j  org.springframework.beans.factory.support.BeanDefinitionValueResolver.resolveReference(Ljava/lang/Object;Lorg/springframework/beans/factory/config/RuntimeBeanReference;)Ljava/lang/Object;+145
j  org.springframework.beans.factory.support.BeanDefinitionValueResolver.resolveValueIfNecessary(Ljava/lang/Object;Ljava/lang/Object;)Ljava/lang/Object;+15
j  org.springframework.beans.factory.support.AbstractAutowireCapableBeanFactory.applyPropertyValues(Ljava/lang/String;Lorg/springframework/beans/factory/config/BeanDefinition;Lorg/springframework/beans/BeanWrapper;Lorg/springframework/beans/PropertyValues;)V+274
j  org.springframework.beans.factory.support.AbstractAutowireCapableBeanFactory.populateBean(Ljava/lang/String;Lorg/springframework/beans/factory/support/RootBeanDefinition;Lorg/springframework/beans/BeanWrapper;)V+351
j  org.springframework.beans.factory.support.AbstractAutowireCapableBeanFactory.doCreateBean(Ljava/lang/String;Lorg/springframework/beans/factory/support/RootBeanDefinition;[Ljava/lang/Object;)Ljava/lang/Object;+220
j  org.springframework.beans.factory.support.AbstractAutowireCapableBeanFactory.createBean(Ljava/lang/String;Lorg/springframework/beans/factory/support/RootBeanDefinition;[Ljava/lang/Object;)Ljava/lang/Object;+153
j  org.springframework.beans.factory.support.AbstractBeanFactory.lambda$doGetBean$0(Ljava/lang/String;Lorg/springframework/beans/factory/support/RootBeanDefinition;[Ljava/lang/Object;)Ljava/lang/Object;+4
j  org.springframework.beans.factory.support.AbstractBeanFactory$$Lambda$344+0x00000001002d6740.getObject()Ljava/lang/Object;+16
j  org.springframework.beans.factory.support.DefaultSingletonBeanRegistry.getSingleton(Ljava/lang/String;Lorg/springframework/beans/factory/ObjectFactory;)Ljava/lang/Object;+114
J 2610 c1 org.springframework.beans.factory.support.AbstractBeanFactory.doGetBean(Ljava/lang/String;Ljava/lang/Class;[Ljava/lang/Object;Z)Ljava/lang/Object; (714 bytes) @ 0x00000203c0ced86c [0x00000203c0ced2c0+0x00000000000005ac]
j  org.springframework.beans.factory.support.AbstractBeanFactory.getBean(Ljava/lang/String;)Ljava/lang/Object;+5
j  org.springframework.beans.factory.config.DependencyDescriptor.resolveCandidate(Ljava/lang/String;Ljava/lang/Class;Lorg/springframework/beans/factory/BeanFactory;)Ljava/lang/Object;+2
j  org.springframework.beans.factory.support.DefaultListableBeanFactory.doResolveDependency(Lorg/springframework/beans/factory/config/DependencyDescriptor;Ljava/lang/String;Ljava/util/Set;Lorg/springframework/beans/TypeConverter;)Ljava/lang/Object;+444
j  org.springframework.beans.factory.support.DefaultListableBeanFactory.resolveDependency(Lorg/springframework/beans/factory/config/DependencyDescriptor;Ljava/lang/String;Ljava/util/Set;Lorg/springframework/beans/TypeConverter;)Ljava/lang/Object;+107
j  org.springframework.beans.factory.annotation.AutowiredAnnotationBeanPostProcessor$AutowiredFieldElement.resolveFieldValue(Ljava/lang/reflect/Field;Ljava/lang/Object;Ljava/lang/String;)Ljava/lang/Object;+81
j  org.springframework.beans.factory.annotation.AutowiredAnnotationBeanPostProcessor$AutowiredFieldElement.inject(Ljava/lang/Object;Ljava/lang/String;Lorg/springframework/beans/PropertyValues;)V+53
j  org.springframework.beans.factory.annotation.InjectionMetadata.inject(Ljava/lang/Object;Ljava/lang/String;Lorg/springframework/beans/PropertyValues;)V+68
j  org.springframework.beans.factory.annotation.AutowiredAnnotationBeanPostProcessor.postProcessProperties(Lorg/springframework/beans/PropertyValues;Ljava/lang/Object;Ljava/lang/String;)Lorg/springframework/beans/PropertyValues;+17
j  org.springframework.beans.factory.support.AbstractAutowireCapableBeanFactory.populateBean(Ljava/lang/String;Lorg/springframework/beans/factory/support/RootBeanDefinition;Lorg/springframework/beans/BeanWrapper;)V+280
j  org.springframework.beans.factory.support.AbstractAutowireCapableBeanFactory.doCreateBean(Ljava/lang/String;Lorg/springframework/beans/factory/support/RootBeanDefinition;[Ljava/lang/Object;)Ljava/lang/Object;+220
j  org.springframework.beans.factory.support.AbstractAutowireCapableBeanFactory.createBean(Ljava/lang/String;Lorg/springframework/beans/factory/support/RootBeanDefinition;[Ljava/lang/Object;)Ljava/lang/Object;+153
j  org.springframework.beans.factory.support.AbstractBeanFactory.lambda$doGetBean$0(Ljava/lang/String;Lorg/springframework/beans/factory/support/RootBeanDefinition;[Ljava/lang/Object;)Ljava/lang/Object;+4
j  org.springframework.beans.factory.support.AbstractBeanFactory$$Lambda$344+0x00000001002d6740.getObject()Ljava/lang/Object;+16
j  org.springframework.beans.factory.support.DefaultSingletonBeanRegistry.getSingleton(Ljava/lang/String;Lorg/springframework/beans/factory/ObjectFactory;)Ljava/lang/Object;+114
J 2610 c1 org.springframework.beans.factory.support.AbstractBeanFactory.doGetBean(Ljava/lang/String;Ljava/lang/Class;[Ljava/lang/Object;Z)Ljava/lang/Object; (714 bytes) @ 0x00000203c0ced86c [0x00000203c0ced2c0+0x00000000000005ac]
j  org.springframework.beans.factory.support.AbstractBeanFactory.getBean(Ljava/lang/String;)Ljava/lang/Object;+5
j  org.springframework.beans.factory.config.DependencyDescriptor.resolveCandidate(Ljava/lang/String;Ljava/lang/Class;Lorg/springframework/beans/factory/BeanFactory;)Ljava/lang/Object;+2
j  org.springframework.beans.factory.support.DefaultListableBeanFactory.doResolveDependency(Lorg/springframework/beans/factory/config/DependencyDescriptor;Ljava/lang/String;Ljava/util/Set;Lorg/springframework/beans/TypeConverter;)Ljava/lang/Object;+444
j  org.springframework.beans.factory.support.DefaultListableBeanFactory.resolveDependency(Lorg/springframework/beans/factory/config/DependencyDescriptor;Ljava/lang/String;Ljava/util/Set;Lorg/springframework/beans/TypeConverter;)Ljava/lang/Object;+107
j  org.springframework.beans.factory.annotation.AutowiredAnnotationBeanPostProcessor$AutowiredFieldElement.resolveFieldValue(Ljava/lang/reflect/Field;Ljava/lang/Object;Ljava/lang/String;)Ljava/lang/Object;+81
j  org.springframework.beans.factory.annotation.AutowiredAnnotationBeanPostProcessor$AutowiredFieldElement.inject(Ljava/lang/Object;Ljava/lang/String;Lorg/springframework/beans/PropertyValues;)V+53
j  org.springframework.beans.factory.annotation.InjectionMetadata.inject(Ljava/lang/Object;Ljava/lang/String;Lorg/springframework/beans/PropertyValues;)V+68
j  org.springframework.beans.factory.annotation.AutowiredAnnotationBeanPostProcessor.postProcessProperties(Lorg/springframework/beans/PropertyValues;Ljava/lang/Object;Ljava/lang/String;)Lorg/springframework/beans/PropertyValues;+17
j  org.springframework.beans.factory.support.AbstractAutowireCapableBeanFactory.populateBean(Ljava/lang/String;Lorg/springframework/beans/factory/support/RootBeanDefinition;Lorg/springframework/beans/BeanWrapper;)V+280
j  org.springframework.beans.factory.support.AbstractAutowireCapableBeanFactory.doCreateBean(Ljava/lang/String;Lorg/springframework/beans/factory/support/RootBeanDefinition;[Ljava/lang/Object;)Ljava/lang/Object;+220
j  org.springframework.beans.factory.support.AbstractAutowireCapableBeanFactory.createBean(Ljava/lang/String;Lorg/springframework/beans/factory/support/RootBeanDefinition;[Ljava/lang/Object;)Ljava/lang/Object;+153
j  org.springframework.beans.factory.support.AbstractBeanFactory.lambda$doGetBean$0(Ljava/lang/String;Lorg/springframework/beans/factory/support/RootBeanDefinition;[Ljava/lang/Object;)Ljava/lang/Object;+4
j  org.springframework.beans.factory.support.AbstractBeanFactory$$Lambda$344+0x00000001002d6740.getObject()Ljava/lang/Object;+16
j  org.springframework.beans.factory.support.DefaultSingletonBeanRegistry.getSingleton(Ljava/lang/String;Lorg/springframework/beans/factory/ObjectFactory;)Ljava/lang/Object;+114
J 2610 c1 org.springframework.beans.factory.support.AbstractBeanFactory.doGetBean(Ljava/lang/String;Ljava/lang/Class;[Ljava/lang/Object;Z)Ljava/lang/Object; (714 bytes) @ 0x00000203c0ced86c [0x00000203c0ced2c0+0x00000000000005ac]
j  org.springframework.beans.factory.support.AbstractBeanFactory.getBean(Ljava/lang/String;)Ljava/lang/Object;+5
j  org.springframework.beans.factory.support.DefaultListableBeanFactory.preInstantiateSingletons()V+152
j  org.springframework.context.support.AbstractApplicationContext.finishBeanFactoryInitialization(Lorg/springframework/beans/factory/config/ConfigurableListableBeanFactory;)V+130
j  org.springframework.context.support.AbstractApplicationContext.refresh()V+86
j  org.springframework.boot.web.servlet.context.ServletWebServerApplicationContext.refresh()V+1
j  org.springframework.boot.SpringApplication.refresh(Lorg/springframework/context/ConfigurableApplicationContext;)V+1
j  org.springframework.boot.SpringApplication.refreshContext(Lorg/springframework/context/ConfigurableApplicationContext;)V+16
j  org.springframework.boot.SpringApplication.run([Ljava/lang/String;)Lorg/springframework/context/ConfigurableApplicationContext;+101
j  org.springframework.boot.SpringApplication.run([Ljava/lang/Class;[Ljava/lang/String;)Lorg/springframework/context/ConfigurableApplicationContext;+9
j  org.springframework.boot.SpringApplication.run(Ljava/lang/Class;[Ljava/lang/String;)Lorg/springframework/context/ConfigurableApplicationContext;+9
j  com.masai.OnlinePlantNurseryApplication.main([Ljava/lang/String;)V+3
v  ~StubRoutines::call_stub
j  jdk.internal.reflect.NativeMethodAccessorImpl.invoke0(Ljava/lang/reflect/Method;Ljava/lang/Object;[Ljava/lang/Object;)Ljava/lang/Object;+0 java.base@17.0.5
j  jdk.internal.reflect.NativeMethodAccessorImpl.invoke(Ljava/lang/Object;[Ljava/lang/Object;)Ljava/lang/Object;+133 java.base@17.0.5
j  jdk.internal.reflect.DelegatingMethodAccessorImpl.invoke(Ljava/lang/Object;[Ljava/lang/Object;)Ljava/lang/Object;+6 java.base@17.0.5
j  java.lang.reflect.Method.invoke(Ljava/lang/Object;[Ljava/lang/Object;)Ljava/lang/Object;+59 java.base@17.0.5
j  org.springframework.boot.devtools.restart.RestartLauncher.run()V+42
v  ~StubRoutines::call_stub

---------------  P R O C E S S  ---------------

Threads class SMR info:
_java_thread_list=0x00000203d0436750, length=27, elements={
0x00000203bb7de0f0, 0x00000203cad7e860, 0x00000203cad80670, 0x00000203cad8ca80,
0x00000203cad8d600, 0x00000203cb824020, 0x00000203cb8248e0, 0x00000203cb8251a0,
0x00000203cb856550, 0x00000203cb97b8e0, 0x00000203cb9a2650, 0x00000203cb9eec70,
0x00000203cbf49b50, 0x00000203cc0a3020, 0x00000203cc0b5010, 0x00000203cc0e18e0,
0x00000203cc0f7610, 0x00000203cc0f7ae0, 0x00000203cc0fdfe0, 0x00000203cc32c6f0,
0x00000203cc32b880, 0x00000203cc32c220, 0x00000203cc32d560, 0x00000203cc32a070,
0x00000203cc32da30, 0x00000203cc32a540, 0x00000203cc32aa10
}

Java Threads: ( => current thread )
  0x00000203bb7de0f0 JavaThread "main" [_thread_blocked, id=21080, stack(0x000000a83a300000,0x000000a83a400000)]
  0x00000203cad7e860 JavaThread "Reference Handler" daemon [_thread_blocked, id=7044, stack(0x000000a83aa00000,0x000000a83ab00000)]
  0x00000203cad80670 JavaThread "Finalizer" daemon [_thread_blocked, id=14172, stack(0x000000a83ab00000,0x000000a83ac00000)]
  0x00000203cad8ca80 JavaThread "Signal Dispatcher" daemon [_thread_blocked, id=21208, stack(0x000000a83ac00000,0x000000a83ad00000)]
  0x00000203cad8d600 JavaThread "Attach Listener" daemon [_thread_blocked, id=15204, stack(0x000000a83ad00000,0x000000a83ae00000)]
  0x00000203cb824020 JavaThread "Service Thread" daemon [_thread_blocked, id=7184, stack(0x000000a83ae00000,0x000000a83af00000)]
  0x00000203cb8248e0 JavaThread "Monitor Deflation Thread" daemon [_thread_blocked, id=19720, stack(0x000000a83af00000,0x000000a83b000000)]
  0x00000203cb8251a0 JavaThread "C1 CompilerThread0" daemon [_thread_blocked, id=15276, stack(0x000000a83b000000,0x000000a83b100000)]
  0x00000203cb856550 JavaThread "Sweeper thread" daemon [_thread_blocked, id=3000, stack(0x000000a83b100000,0x000000a83b200000)]
  0x00000203cb97b8e0 JavaThread "Common-Cleaner" daemon [_thread_blocked, id=18244, stack(0x000000a83b200000,0x000000a83b300000)]
  0x00000203cb9a2650 JavaThread "C1 CompilerThread1" daemon [_thread_blocked, id=1984, stack(0x000000a83b300000,0x000000a83b400000)]
  0x00000203cb9eec70 JavaThread "Notification Thread" daemon [_thread_blocked, id=4508, stack(0x000000a83b400000,0x000000a83b500000)]
  0x00000203cbf49b50 JavaThread "RMI TCP Accept-0" daemon [_thread_in_native, id=11688, stack(0x000000a83b500000,0x000000a83b600000)]
  0x00000203cc0a3020 JavaThread "RMI TCP Accept-58027" daemon [_thread_in_native, id=12524, stack(0x000000a83b600000,0x000000a83b700000)]
  0x00000203cc0b5010 JavaThread "RMI TCP Connection(1)-127.0.0.1" daemon [_thread_in_native, id=17508, stack(0x000000a83b700000,0x000000a83b800000)]
  0x00000203cc0e18e0 JavaThread "RMI TCP Accept-0" daemon [_thread_in_native, id=9284, stack(0x000000a83b800000,0x000000a83b900000)]
  0x00000203cc0f7610 JavaThread "RMI TCP Connection(2)-127.0.0.1" daemon [_thread_in_native, id=7576, stack(0x000000a83ba00000,0x000000a83bb00000)]
  0x00000203cc0f7ae0 JavaThread "RMI Scheduler(0)" daemon [_thread_blocked, id=14772, stack(0x000000a83bb00000,0x000000a83bc00000)]
  0x00000203cc0fdfe0 JavaThread "JMX server connection timeout 21" daemon [_thread_blocked, id=15428, stack(0x000000a83bc00000,0x000000a83bd00000)]
  0x00000203cc32c6f0 JavaThread "Thread-0" [_thread_blocked, id=16968, stack(0x000000a83c200000,0x000000a83c300000)]
=>0x00000203cc32b880 JavaThread "restartedMain" [_thread_in_vm, id=20556, stack(0x000000a83c300000,0x000000a83c400000)]
  0x00000203cc32c220 JavaThread "Catalina-utility-1" [_thread_blocked, id=10552, stack(0x000000a83c400000,0x000000a83c500000)]
  0x00000203cc32d560 JavaThread "Catalina-utility-2" [_thread_blocked, id=5892, stack(0x000000a83c500000,0x000000a83c600000)]
  0x00000203cc32a070 JavaThread "container-0" [_thread_blocked, id=20648, stack(0x000000a83c600000,0x000000a83c700000)]
  0x00000203cc32da30 JavaThread "mysql-cj-abandoned-connection-cleanup" daemon [_thread_blocked, id=18648, stack(0x000000a83c700000,0x000000a83c800000)]
  0x00000203cc32a540 JavaThread "HikariPool-1 housekeeper" daemon [_thread_blocked, id=9964, stack(0x000000a83c900000,0x000000a83ca00000)]
  0x00000203cc32aa10 JavaThread "HikariPool-1 connection adder" daemon [_thread_blocked, id=10760, stack(0x000000a83ca00000,0x000000a83cb00000)]

Other Threads:
  0x00000203cada80a0 VMThread "VM Thread" [stack: 0x000000a83a900000,0x000000a83aa00000] [id=9312]
  0x00000203cbf450e0 WatcherThread [stack: 0x000000a83b900000,0x000000a83ba00000] [id=19064]
  0x00000203bb942320 GCTaskThread "GC Thread#0" [stack: 0x000000a83a400000,0x000000a83a500000] [id=8460]
  0x00000203cc139c10 GCTaskThread "GC Thread#1" [stack: 0x000000a83bd00000,0x000000a83be00000] [id=17020]
  0x00000203cc139ec0 GCTaskThread "GC Thread#2" [stack: 0x000000a83be00000,0x000000a83bf00000] [id=3492]
  0x00000203cc15fd20 GCTaskThread "GC Thread#3" [stack: 0x000000a83bf00000,0x000000a83c000000] [id=20988]
  0x00000203bb952e30 ConcurrentGCThread "G1 Main Marker" [stack: 0x000000a83a500000,0x000000a83a600000] [id=21236]
  0x00000203bb954030 ConcurrentGCThread "G1 Conc#0" [stack: 0x000000a83a600000,0x000000a83a700000] [id=21000]
  0x00000203cabf04a0 ConcurrentGCThread "G1 Refine#0" [stack: 0x000000a83a700000,0x000000a83a800000] [id=16988]
  0x00000203cc15d0c0 ConcurrentGCThread "G1 Refine#1" [stack: 0x000000a83c000000,0x000000a83c100000] [id=9460]
  0x00000203cc161fe0 ConcurrentGCThread "G1 Refine#2" [stack: 0x000000a83c100000,0x000000a83c200000] [id=7872]
  0x00000203cabf1de0 ConcurrentGCThread "G1 Service" [stack: 0x000000a83a800000,0x000000a83a900000] [id=10252]

Threads with active compile tasks:

VM state: not at safepoint (normal execution)

VM Mutex/Monitor currently owned by a thread:  ([mutex/lock_event])
[0x00000203bb8e42a0] Metaspace_lock - owner thread: 0x00000203cc32b880

Heap address: 0x0000000081a00000, size: 2022 MB, Compressed Oops mode: 32-bit

CDS archive(s) not mapped
Compressed class space mapped at: 0x0000000100000000-0x0000000140000000, reserved size: 1073741824
Narrow klass base: 0x0000000000000000, Narrow klass shift: 3, Narrow klass range: 0x140000000

GC Precious Log:
 CPUs: 4 total, 4 available
 Memory: 8082M
 Large Page Support: Disabled
 NUMA Support: Disabled
 Compressed Oops: Enabled (32-bit)
 Heap Region Size: 1M
 Heap Min Capacity: 8M
 Heap Initial Capacity: 128M
 Heap Max Capacity: 2022M
 Pre-touch: Disabled
 Parallel Workers: 4
 Concurrent Workers: 1
 Concurrent Refinement Workers: 4
 Periodic GC: Disabled

Heap:
 garbage-first heap   total 61440K, used 33669K [0x0000000081a00000, 0x0000000100000000)
  region size 1024K, 12 young (12288K), 2 survivors (2048K)
 Metaspace       used 65066K, committed 65600K, reserved 1105920K
  class space    used 8836K, committed 9088K, reserved 1048576K

Heap Regions: E=young(eden), S=young(survivor), O=old, HS=humongous(starts), HC=humongous(continues), CS=collection set, F=free, OA=open archive, CA=closed archive, TAMS=top-at-mark-start (previous, next)
|   0|0x0000000081a00000, 0x0000000081b00000, 0x0000000081b00000|100%|HS|  |TAMS 0x0000000081b00000, 0x0000000081a00000| Complete 
|   1|0x0000000081b00000, 0x0000000081c00000, 0x0000000081c00000|100%| O|  |TAMS 0x0000000081c00000, 0x0000000081b00000| Untracked 
|   2|0x0000000081c00000, 0x0000000081d00000, 0x0000000081d00000|100%| O|  |TAMS 0x0000000081d00000, 0x0000000081c00000| Untracked 
|   3|0x0000000081d00000, 0x0000000081e00000, 0x0000000081e00000|100%| O|  |TAMS 0x0000000081e00000, 0x0000000081d00000| Untracked 
|   4|0x0000000081e00000, 0x0000000081f00000, 0x0000000081f00000|100%| O|  |TAMS 0x0000000081f00000, 0x0000000081e00000| Untracked 
|   5|0x0000000081f00000, 0x0000000082000000, 0x0000000082000000|100%| O|  |TAMS 0x0000000082000000, 0x0000000081f00000| Untracked 
|   6|0x0000000082000000, 0x000000008203e000, 0x0000000082100000| 24%| O|  |TAMS 0x000000008203e000, 0x0000000082000000| Untracked 
|   7|0x0000000082100000, 0x0000000082200000, 0x0000000082200000|100%| O|  |TAMS 0x0000000082200000, 0x0000000082100000| Untracked 
|   8|0x0000000082200000, 0x0000000082300000, 0x0000000082300000|100%| O|  |TAMS 0x0000000082300000, 0x0000000082200000| Untracked 
|   9|0x0000000082300000, 0x0000000082400000, 0x0000000082400000|100%| O|  |TAMS 0x0000000082400000, 0x0000000082300000| Untracked 
|  10|0x0000000082400000, 0x0000000082500000, 0x0000000082500000|100%| O|  |TAMS 0x0000000082500000, 0x0000000082400000| Untracked 
|  11|0x0000000082500000, 0x0000000082600000, 0x0000000082600000|100%| O|  |TAMS 0x0000000082600000, 0x0000000082500000| Untracked 
|  12|0x0000000082600000, 0x0000000082700000, 0x0000000082700000|100%| O|  |TAMS 0x0000000082700000, 0x0000000082600000| Untracked 
|  13|0x0000000082700000, 0x0000000082800000, 0x0000000082800000|100%| O|  |TAMS 0x0000000082800000, 0x0000000082700000| Untracked 
|  14|0x0000000082800000, 0x0000000082900000, 0x0000000082900000|100%| O|  |TAMS 0x0000000082900000, 0x0000000082800000| Untracked 
|  15|0x0000000082900000, 0x0000000082a00000, 0x0000000082a00000|100%| O|  |TAMS 0x0000000082a00000, 0x0000000082900000| Untracked 
|  16|0x0000000082a00000, 0x0000000082b00000, 0x0000000082b00000|100%| O|  |TAMS 0x0000000082b00000, 0x0000000082a00000| Untracked 
|  17|0x0000000082b00000, 0x0000000082c00000, 0x0000000082c00000|100%| O|  |TAMS 0x0000000082c00000, 0x0000000082b00000| Untracked 
|  18|0x0000000082c00000, 0x0000000082d00000, 0x0000000082d00000|100%| O|  |TAMS 0x0000000082d00000, 0x0000000082c00000| Untracked 
|  19|0x0000000082d00000, 0x0000000082e00000, 0x0000000082e00000|100%| O|  |TAMS 0x0000000082e00000, 0x0000000082d00000| Untracked 
|  20|0x0000000082e00000, 0x0000000082f00000, 0x0000000082f00000|100%| O|  |TAMS 0x0000000082f00000, 0x0000000082e00000| Untracked 
|  21|0x0000000082f00000, 0x0000000083000000, 0x0000000083000000|100%| O|  |TAMS 0x0000000082f00000, 0x0000000082f00000| Untracked 
|  22|0x0000000083000000, 0x00000000830f2e00, 0x0000000083100000| 94%| O|  |TAMS 0x0000000083000000, 0x0000000083000000| Untracked 
|  23|0x0000000083100000, 0x0000000083100000, 0x0000000083200000|  0%| F|  |TAMS 0x0000000083100000, 0x0000000083100000| Untracked 
|  24|0x0000000083200000, 0x0000000083200000, 0x0000000083300000|  0%| F|  |TAMS 0x0000000083200000, 0x0000000083200000| Untracked 
|  25|0x0000000083300000, 0x0000000083300000, 0x0000000083400000|  0%| F|  |TAMS 0x0000000083300000, 0x0000000083300000| Untracked 
|  26|0x0000000083400000, 0x0000000083400000, 0x0000000083500000|  0%| F|  |TAMS 0x0000000083400000, 0x0000000083400000| Untracked 
|  27|0x0000000083500000, 0x0000000083500000, 0x0000000083600000|  0%| F|  |TAMS 0x0000000083500000, 0x0000000083500000| Untracked 
|  28|0x0000000083600000, 0x0000000083600000, 0x0000000083700000|  0%| F|  |TAMS 0x0000000083600000, 0x0000000083600000| Untracked 
|  29|0x0000000083700000, 0x0000000083700000, 0x0000000083800000|  0%| F|  |TAMS 0x0000000083700000, 0x0000000083700000| Untracked 
|  30|0x0000000083800000, 0x0000000083800000, 0x0000000083900000|  0%| F|  |TAMS 0x0000000083800000, 0x0000000083800000| Untracked 
|  31|0x0000000083900000, 0x00000000839b0790, 0x0000000083a00000| 68%| S|CS|TAMS 0x0000000083900000, 0x0000000083900000| Complete 
|  32|0x0000000083a00000, 0x0000000083b00000, 0x0000000083b00000|100%| S|CS|TAMS 0x0000000083a00000, 0x0000000083a00000| Complete 
|  33|0x0000000083b00000, 0x0000000083b00000, 0x0000000083c00000|  0%| F|  |TAMS 0x0000000083b00000, 0x0000000083b00000| Untracked 
|  34|0x0000000083c00000, 0x0000000083c00000, 0x0000000083d00000|  0%| F|  |TAMS 0x0000000083c00000, 0x0000000083c00000| Untracked 
|  35|0x0000000083d00000, 0x0000000083d00000, 0x0000000083e00000|  0%| F|  |TAMS 0x0000000083d00000, 0x0000000083d00000| Untracked 
|  36|0x0000000083e00000, 0x0000000083e00000, 0x0000000083f00000|  0%| F|  |TAMS 0x0000000083e00000, 0x0000000083e00000| Untracked 
|  37|0x0000000083f00000, 0x0000000083f00000, 0x0000000084000000|  0%| F|  |TAMS 0x0000000083f00000, 0x0000000083f00000| Untracked 
|  38|0x0000000084000000, 0x0000000084000000, 0x0000000084100000|  0%| F|  |TAMS 0x0000000084000000, 0x0000000084000000| Untracked 
|  39|0x0000000084100000, 0x0000000084100000, 0x0000000084200000|  0%| F|  |TAMS 0x0000000084100000, 0x0000000084100000| Untracked 
|  40|0x0000000084200000, 0x0000000084200000, 0x0000000084300000|  0%| F|  |TAMS 0x0000000084200000, 0x0000000084200000| Untracked 
|  41|0x0000000084300000, 0x0000000084300000, 0x0000000084400000|  0%| F|  |TAMS 0x0000000084300000, 0x0000000084300000| Untracked 
|  42|0x0000000084400000, 0x0000000084400000, 0x0000000084500000|  0%| F|  |TAMS 0x0000000084400000, 0x0000000084400000| Untracked 
|  43|0x0000000084500000, 0x0000000084500000, 0x0000000084600000|  0%| F|  |TAMS 0x0000000084500000, 0x0000000084500000| Untracked 
|  44|0x0000000084600000, 0x0000000084600000, 0x0000000084700000|  0%| F|  |TAMS 0x0000000084600000, 0x0000000084600000| Untracked 
|  45|0x0000000084700000, 0x0000000084700000, 0x0000000084800000|  0%| F|  |TAMS 0x0000000084700000, 0x0000000084700000| Untracked 
|  46|0x0000000084800000, 0x0000000084800000, 0x0000000084900000|  0%| F|  |TAMS 0x0000000084800000, 0x0000000084800000| Untracked 
|  47|0x0000000084900000, 0x0000000084900000, 0x0000000084a00000|  0%| F|  |TAMS 0x0000000084900000, 0x0000000084900000| Untracked 
|  48|0x0000000084a00000, 0x0000000084a00000, 0x0000000084b00000|  0%| F|  |TAMS 0x0000000084a00000, 0x0000000084a00000| Untracked 
|  49|0x0000000084b00000, 0x0000000084b00000, 0x0000000084c00000|  0%| F|  |TAMS 0x0000000084b00000, 0x0000000084b00000| Untracked 
|  50|0x0000000084c00000, 0x0000000084cece90, 0x0000000084d00000| 92%| E|  |TAMS 0x0000000084c00000, 0x0000000084c00000| Complete 
|  51|0x0000000084d00000, 0x0000000084e00000, 0x0000000084e00000|100%| E|CS|TAMS 0x0000000084d00000, 0x0000000084d00000| Complete 
|  52|0x0000000084e00000, 0x0000000084f00000, 0x0000000084f00000|100%| E|CS|TAMS 0x0000000084e00000, 0x0000000084e00000| Complete 
|  53|0x0000000084f00000, 0x0000000085000000, 0x0000000085000000|100%| E|CS|TAMS 0x0000000084f00000, 0x0000000084f00000| Complete 
|  54|0x0000000085000000, 0x0000000085100000, 0x0000000085100000|100%| E|CS|TAMS 0x0000000085000000, 0x0000000085000000| Complete 
|  55|0x0000000085100000, 0x0000000085200000, 0x0000000085200000|100%| E|CS|TAMS 0x0000000085100000, 0x0000000085100000| Complete 
|  56|0x0000000085200000, 0x0000000085300000, 0x0000000085300000|100%| E|CS|TAMS 0x0000000085200000, 0x0000000085200000| Complete 
|  57|0x0000000085300000, 0x0000000085400000, 0x0000000085400000|100%| E|CS|TAMS 0x0000000085300000, 0x0000000085300000| Complete 
|  58|0x0000000085400000, 0x0000000085500000, 0x0000000085500000|100%| E|CS|TAMS 0x0000000085400000, 0x0000000085400000| Complete 
| 127|0x0000000089900000, 0x0000000089a00000, 0x0000000089a00000|100%| E|CS|TAMS 0x0000000089900000, 0x0000000089900000| Complete 

Card table byte_map: [0x00000203c4000000,0x00000203c4400000] _byte_map_base: 0x00000203c3bf3000

Marking Bits (Prev, Next): (CMBitMap*) 0x00000203bb942880, (CMBitMap*) 0x00000203bb942840
 Prev Bits: [0x00000203c67a0000, 0x00000203c8738000)
 Next Bits: [0x00000203c4800000, 0x00000203c6798000)

Polling page: 0x00000203bb6d0000

Metaspace:

Usage:
  Non-class:     54.91 MB used.
      Class:      8.63 MB used.
       Both:     63.54 MB used.

Virtual space:
  Non-class space:       56.00 MB reserved,      55.19 MB ( 99%) committed,  7 nodes.
      Class space:        1.00 GB reserved,       8.88 MB ( <1%) committed,  1 nodes.
             Both:        1.05 GB reserved,      64.06 MB (  6%) committed. 

Chunk freelists:
   Non-Class:  624.00 KB
       Class:  3.04 MB
        Both:  3.65 MB

MaxMetaspaceSize: unlimited
CompressedClassSpaceSize: 1.00 GB
Initial GC threshold: 21.00 MB
Current GC threshold: 98.44 MB
CDS: off
MetaspaceReclaimPolicy: balanced
 - commit_granule_bytes: 65536.
 - commit_granule_words: 8192.
 - virtual_space_node_default_size: 1048576.
 - enlarge_chunks_in_place: 1.
 - new_chunks_are_fully_committed: 0.
 - uncommit_free_chunks: 1.
 - use_allocation_guard: 0.
 - handle_deallocations: 1.


Internal statistics:

num_allocs_failed_limit: 9.
num_arena_births: 722.
num_arena_deaths: 0.
num_vsnodes_births: 8.
num_vsnodes_deaths: 0.
num_space_committed: 1025.
num_space_uncommitted: 0.
num_chunks_returned_to_freelist: 9.
num_chunks_taken_from_freelist: 2659.
num_chunk_merges: 9.
num_chunk_splits: 1912.
num_chunks_enlarged: 1460.
num_purges: 0.
num_inconsistent_stats: 0.

CodeCache: size=49152Kb used=10287Kb max_used=10287Kb free=38864Kb
 bounds [0x00000203c0760000, 0x00000203c1170000, 0x00000203c3760000]
 total_blobs=6264 nmethods=5588 adapters=602
 compilation: enabled
              stopped_count=0, restarted_count=0
 full_count=0

Compilation events (20 events):
Event: 12.030 Thread 0x00000203cb8251a0 5579       1       java.beans.MethodRef::<init> (5 bytes)
Event: 12.030 Thread 0x00000203cb8251a0 nmethod 5579 0x00000203c1169010 code [0x00000203c11691a0, 0x00000203c1169258]
Event: 12.031 Thread 0x00000203cb9a2650 5580       1       java.beans.FeatureDescriptor::setName (6 bytes)
Event: 12.031 Thread 0x00000203cb9a2650 nmethod 5580 0x00000203c1169310 code [0x00000203c11694a0, 0x00000203c11695b8]
Event: 12.034 Thread 0x00000203cb8251a0 5581       1       java.lang.invoke.Invokers$Holder::linkToTargetMethod (13 bytes)
Event: 12.034 Thread 0x00000203cb9a2650 5582       1       java.lang.invoke.LambdaForm$DMH/0x00000001001f4400::newInvokeSpecial (30 bytes)
Event: 12.034 Thread 0x00000203cb8251a0 nmethod 5581 0x00000203c1169610 code [0x00000203c11697c0, 0x00000203c11698d8]
Event: 12.034 Thread 0x00000203cb9a2650 nmethod 5582 0x00000203c1169990 code [0x00000203c1169b40, 0x00000203c1169ce8]
Event: 12.039 Thread 0x00000203cb9a2650 5583       1       org.springframework.core.convert.support.GenericConversionService$Converters::addInterfacesToClassHierarchy (51 bytes)
Event: 12.040 Thread 0x00000203cb9a2650 nmethod 5583 0x00000203c1169e90 code [0x00000203c116a060, 0x00000203c116a2e8]
Event: 12.051 Thread 0x00000203cb9a2650 5584       1       java.lang.reflect.ProxyGenerator::getClassLoader (5 bytes)
Event: 12.051 Thread 0x00000203cb9a2650 nmethod 5584 0x00000203c116a510 code [0x00000203c116a6a0, 0x00000203c116a778]
Event: 12.054 Thread 0x00000203cb8251a0 5585       1       org.springframework.core.convert.TypeDescriptor$AnnotatedElementAdapter::<init> (15 bytes)
Event: 12.054 Thread 0x00000203cb8251a0 nmethod 5585 0x00000203c116a810 code [0x00000203c116a9a0, 0x00000203c116aaf8]
Event: 12.058 Thread 0x00000203cb8251a0 5586       1       org.springframework.core.convert.support.GenericConversionService$ConverterCacheKey::hashCode (19 bytes)
Event: 12.058 Thread 0x00000203cb8251a0 nmethod 5586 0x00000203c116ab90 code [0x00000203c116ad40, 0x00000203c116ae78]
Event: 12.101 Thread 0x00000203cb8251a0 5587       1       java.lang.reflect.ProxyGenerator$ProxyMethod::codeWrapArgument (148 bytes)
Event: 12.102 Thread 0x00000203cb8251a0 nmethod 5587 0x00000203c116b010 code [0x00000203c116b240, 0x00000203c116b658]
Event: 12.140 Thread 0x00000203cb8251a0 5588       1       java.lang.ClassLoader::getSystemClassLoader (96 bytes)
Event: 12.141 Thread 0x00000203cb8251a0 nmethod 5588 0x00000203c116b890 code [0x00000203c116ba60, 0x00000203c116bd48]

GC Heap History (20 events):
Event: 4.385 GC heap before
{Heap before GC invocations=5 (full 0):
 garbage-first heap   total 37888K, used 26713K [0x0000000081a00000, 0x0000000100000000)
  region size 1024K, 22 young (22528K), 3 survivors (3072K)
 Metaspace       used 24976K, committed 25280K, reserved 1073152K
  class space    used 3091K, committed 3200K, reserved 1048576K
}
Event: 4.393 GC heap after
{Heap after GC invocations=6 (full 0):
 garbage-first heap   total 37888K, used 10450K [0x0000000081a00000, 0x0000000100000000)
  region size 1024K, 4 young (4096K), 4 survivors (4096K)
 Metaspace       used 24976K, committed 25280K, reserved 1073152K
  class space    used 3091K, committed 3200K, reserved 1048576K
}
Event: 4.411 GC heap before
{Heap before GC invocations=6 (full 0):
 garbage-first heap   total 37888K, used 11474K [0x0000000081a00000, 0x0000000100000000)
  region size 1024K, 5 young (5120K), 4 survivors (4096K)
 Metaspace       used 25172K, committed 25472K, reserved 1073152K
  class space    used 3104K, committed 3200K, reserved 1048576K
}
Event: 4.420 GC heap after
{Heap after GC invocations=7 (full 0):
 garbage-first heap   total 37888K, used 10959K [0x0000000081a00000, 0x0000000100000000)
  region size 1024K, 1 young (1024K), 1 survivors (1024K)
 Metaspace       used 25172K, committed 25472K, reserved 1073152K
  class space    used 3104K, committed 3200K, reserved 1048576K
}
Event: 4.662 GC heap before
{Heap before GC invocations=7 (full 0):
 garbage-first heap   total 37888K, used 25295K [0x0000000081a00000, 0x0000000100000000)
  region size 1024K, 15 young (15360K), 1 survivors (1024K)
 Metaspace       used 28183K, committed 28480K, reserved 1081344K
  class space    used 3420K, committed 3584K, reserved 1048576K
}
Event: 4.665 GC heap after
{Heap after GC invocations=8 (full 0):
 garbage-first heap   total 75776K, used 11617K [0x0000000081a00000, 0x0000000100000000)
  region size 1024K, 2 young (2048K), 2 survivors (2048K)
 Metaspace       used 28183K, committed 28480K, reserved 1081344K
  class space    used 3420K, committed 3584K, reserved 1048576K
}
Event: 5.682 GC heap before
{Heap before GC invocations=8 (full 0):
 garbage-first heap   total 75776K, used 53601K [0x0000000081a00000, 0x0000000100000000)
  region size 1024K, 44 young (45056K), 2 survivors (2048K)
 Metaspace       used 32893K, committed 33216K, reserved 1081344K
  class space    used 4145K, committed 4288K, reserved 1048576K
}
Event: 5.690 GC heap after
{Heap after GC invocations=9 (full 0):
 garbage-first heap   total 75776K, used 14377K [0x0000000081a00000, 0x0000000100000000)
  region size 1024K, 4 young (4096K), 4 survivors (4096K)
 Metaspace       used 32893K, committed 33216K, reserved 1081344K
  class space    used 4145K, committed 4288K, reserved 1048576K
}
Event: 6.190 GC heap before
{Heap before GC invocations=9 (full 0):
 garbage-first heap   total 75776K, used 28713K [0x0000000081a00000, 0x0000000100000000)
  region size 1024K, 19 young (19456K), 4 survivors (4096K)
 Metaspace       used 35553K, committed 35968K, reserved 1081344K
  class space    used 4551K, committed 4800K, reserved 1048576K
}
Event: 6.199 GC heap after
{Heap after GC invocations=10 (full 0):
 garbage-first heap   total 75776K, used 16087K [0x0000000081a00000, 0x0000000100000000)
  region size 1024K, 5 young (5120K), 5 survivors (5120K)
 Metaspace       used 35553K, committed 35968K, reserved 1081344K
  class space    used 4551K, committed 4800K, reserved 1048576K
}
Event: 7.461 GC heap before
{Heap before GC invocations=11 (full 0):
 garbage-first heap   total 61440K, used 46807K [0x0000000081a00000, 0x0000000100000000)
  region size 1024K, 36 young (36864K), 5 survivors (5120K)
 Metaspace       used 40275K, committed 40768K, reserved 1089536K
  class space    used 5183K, committed 5440K, reserved 1048576K
}
Event: 7.473 GC heap after
{Heap after GC invocations=12 (full 0):
 garbage-first heap   total 61440K, used 18865K [0x0000000081a00000, 0x0000000100000000)
  region size 1024K, 5 young (5120K), 5 survivors (5120K)
 Metaspace       used 40275K, committed 40768K, reserved 1089536K
  class space    used 5183K, committed 5440K, reserved 1048576K
}
Event: 8.458 GC heap before
{Heap before GC invocations=12 (full 0):
 garbage-first heap   total 61440K, used 44465K [0x0000000081a00000, 0x0000000100000000)
  region size 1024K, 31 young (31744K), 5 survivors (5120K)
 Metaspace       used 48484K, committed 48960K, reserved 1097728K
  class space    used 6315K, committed 6528K, reserved 1048576K
}
Event: 8.467 GC heap after
{Heap after GC invocations=13 (full 0):
 garbage-first heap   total 61440K, used 20962K [0x0000000081a00000, 0x0000000100000000)
  region size 1024K, 3 young (3072K), 3 survivors (3072K)
 Metaspace       used 48484K, committed 48960K, reserved 1097728K
  class space    used 6315K, committed 6528K, reserved 1048576K
}
Event: 9.666 GC heap before
{Heap before GC invocations=13 (full 0):
 garbage-first heap   total 61440K, used 45538K [0x0000000081a00000, 0x0000000100000000)
  region size 1024K, 28 young (28672K), 3 survivors (3072K)
 Metaspace       used 55722K, committed 56256K, reserved 1097728K
  class space    used 7292K, committed 7552K, reserved 1048576K
}
Event: 9.674 GC heap after
{Heap after GC invocations=14 (full 0):
 garbage-first heap   total 61440K, used 22905K [0x0000000081a00000, 0x0000000100000000)
  region size 1024K, 3 young (3072K), 3 survivors (3072K)
 Metaspace       used 55722K, committed 56256K, reserved 1097728K
  class space    used 7292K, committed 7552K, reserved 1048576K
}
Event: 10.156 GC heap before
{Heap before GC invocations=14 (full 0):
 garbage-first heap   total 61440K, used 37241K [0x0000000081a00000, 0x0000000100000000)
  region size 1024K, 18 young (18432K), 3 survivors (3072K)
 Metaspace       used 59719K, committed 60160K, reserved 1105920K
  class space    used 7896K, committed 8128K, reserved 1048576K
}
Event: 10.162 GC heap after
{Heap after GC invocations=15 (full 0):
 garbage-first heap   total 61440K, used 23503K [0x0000000081a00000, 0x0000000100000000)
  region size 1024K, 3 young (3072K), 3 survivors (3072K)
 Metaspace       used 59719K, committed 60160K, reserved 1105920K
  class space    used 7896K, committed 8128K, reserved 1048576K
}
Event: 11.529 GC heap before
{Heap before GC invocations=16 (full 0):
 garbage-first heap   total 61440K, used 48079K [0x0000000081a00000, 0x0000000100000000)
  region size 1024K, 27 young (27648K), 3 survivors (3072K)
 Metaspace       used 63376K, committed 63872K, reserved 1105920K
  class space    used 8606K, committed 8832K, reserved 1048576K
}
Event: 11.535 GC heap after
{Heap after GC invocations=17 (full 0):
 garbage-first heap   total 61440K, used 24453K [0x0000000081a00000, 0x0000000100000000)
  region size 1024K, 2 young (2048K), 2 survivors (2048K)
 Metaspace       used 63376K, committed 63872K, reserved 1105920K
  class space    used 8606K, committed 8832K, reserved 1048576K
}

Dll operation events (9 events):
Event: 0.082 Loaded shared library C:\Program Files\STS\plugins\org.eclipse.justj.openjdk.hotspot.jre.full.win32.x86_64_17.0.5.v20221102-0933\jre\bin\java.dll
Event: 0.976 Loaded shared library C:\Program Files\STS\plugins\org.eclipse.justj.openjdk.hotspot.jre.full.win32.x86_64_17.0.5.v20221102-0933\jre\bin\jimage.dll
Event: 1.008 Loaded shared library C:\Program Files\STS\plugins\org.eclipse.justj.openjdk.hotspot.jre.full.win32.x86_64_17.0.5.v20221102-0933\jre\bin\net.dll
Event: 1.011 Loaded shared library C:\Program Files\STS\plugins\org.eclipse.justj.openjdk.hotspot.jre.full.win32.x86_64_17.0.5.v20221102-0933\jre\bin\nio.dll
Event: 1.030 Loaded shared library C:\Program Files\STS\plugins\org.eclipse.justj.openjdk.hotspot.jre.full.win32.x86_64_17.0.5.v20221102-0933\jre\bin\zip.dll
Event: 1.180 Loaded shared library C:\Program Files\STS\plugins\org.eclipse.justj.openjdk.hotspot.jre.full.win32.x86_64_17.0.5.v20221102-0933\jre\bin\management.dll
Event: 1.325 Loaded shared library C:\Program Files\STS\plugins\org.eclipse.justj.openjdk.hotspot.jre.full.win32.x86_64_17.0.5.v20221102-0933\jre\bin\management_ext.dll
Event: 3.635 Loaded shared library C:\Program Files\STS\plugins\org.eclipse.justj.openjdk.hotspot.jre.full.win32.x86_64_17.0.5.v20221102-0933\jre\bin\verify.dll
Event: 6.744 Loaded shared library C:\Program Files\STS\plugins\org.eclipse.justj.openjdk.hotspot.jre.full.win32.x86_64_17.0.5.v20221102-0933\jre\bin\sunmscapi.dll

Deoptimization events (4 events):
Event: 3.834 Thread 0x00000203cc32b880 DEOPT PACKING pc=0x00000203c0bd4219 sp=0x000000a83c3fcbf0
Event: 3.834 Thread 0x00000203cc32b880 DEOPT UNPACKING pc=0x00000203c07b2b43 sp=0x000000a83c3fc0d0 mode 3
Event: 7.088 Thread 0x00000203cc32b880 DEOPT PACKING pc=0x00000203c0e7a9fd sp=0x000000a83c3fbf30
Event: 7.088 Thread 0x00000203cc32b880 DEOPT UNPACKING pc=0x00000203c07b2b43 sp=0x000000a83c3fb498 mode 3

Classes unloaded (0 events):
No events

Classes redefined (0 events):
No events

Internal exceptions (20 events):
Event: 9.081 Thread 0x00000203cc0f7610 Exception <a 'java/lang/reflect/InvocationTargetException'{0x0000000084e7d008}> (0x0000000084e7d008) 
thrown [s\src\hotspot\share\runtime\reflection.cpp, line 1121]
Event: 9.104 Thread 0x00000203cc32b880 Exception <a 'java/lang/NoSuchMethodError'{0x0000000084eb6530}: 'java.lang.Object java.lang.invoke.DirectMethodHandle$Holder.invokeStaticInit(java.lang.Object, java.lang.Object, java.lang.Object, java.lang.Object)'> (0x0000000084eb6530) 
thrown [s\src\hotspot\share\interpreter\linkResolver.cpp, line 759]
Event: 9.361 Thread 0x00000203cc32b880 Exception <a 'java/lang/NoSuchMethodError'{0x00000000847cf4d8}: 'java.lang.Object java.lang.invoke.DirectMethodHandle$Holder.newInvokeSpecial(java.lang.Object, java.lang.Object, java.lang.Object, int)'> (0x00000000847cf4d8) 
thrown [s\src\hotspot\share\interpreter\linkResolver.cpp, line 759]
Event: 9.362 Thread 0x00000203cc32b880 Exception <a 'java/lang/NoSuchMethodError'{0x00000000847d37c0}: 'java.lang.Object java.lang.invoke.DirectMethodHandle$Holder.invokeSpecial(java.lang.Object, java.lang.Object, java.lang.Object, java.lang.Object, int)'> (0x00000000847d37c0) 
thrown [s\src\hotspot\share\interpreter\linkResolver.cpp, line 759]
Event: 9.362 Thread 0x00000203cc32b880 Exception <a 'java/lang/NoSuchMethodError'{0x00000000847d7388}: 'java.lang.Object java.lang.invoke.Invokers$Holder.linkToTargetMethod(java.lang.Object, java.lang.Object, int, java.lang.Object)'> (0x00000000847d7388) 
thrown [s\src\hotspot\share\interpreter\linkResolver.cpp, line 759]
Event: 9.585 Thread 0x00000203cc0f7610 Exception <a 'java/lang/reflect/InvocationTargetException'{0x0000000084e80718}> (0x0000000084e80718) 
thrown [s\src\hotspot\share\runtime\reflection.cpp, line 1121]
Event: 10.021 Thread 0x00000203cc32b880 Exception <a 'java/lang/NoSuchMethodError'{0x0000000084bb9960}: 'java.lang.Object java.lang.invoke.DirectMethodHandle$Holder.invokeStatic(java.lang.Object, java.lang.Object, int, java.lang.Object)'> (0x0000000084bb9960) 
thrown [s\src\hotspot\share\interpreter\linkResolver.cpp, line 759]
Event: 10.021 Thread 0x00000203cc32b880 Exception <a 'java/lang/NoSuchMethodError'{0x0000000084bbd3f8}: 'java.lang.Object java.lang.invoke.DirectMethodHandle$Holder.invokeStaticInit(java.lang.Object, java.lang.Object, int, java.lang.Object)'> (0x0000000084bbd3f8) 
thrown [s\src\hotspot\share\interpreter\linkResolver.cpp, line 759]
Event: 10.062 Thread 0x00000203cc32b880 Exception <a 'java/lang/IncompatibleClassChangeError'{0x0000000084af61b8}: Found class java.lang.Object, but interface was expected> (0x0000000084af61b8) 
thrown [s\src\hotspot\share\interpreter\linkResolver.cpp, line 826]
Event: 10.139 Thread 0x00000203cc0f7610 Exception <a 'java/lang/reflect/InvocationTargetException'{0x00000000848de6a0}> (0x00000000848de6a0) 
thrown [s\src\hotspot\share\runtime\reflection.cpp, line 1121]
Event: 11.403 Thread 0x00000203cc32b880 Exception <a 'java/lang/NoSuchMethodError'{0x0000000083fd9098}: 'int java.lang.invoke.DirectMethodHandle$Holder.invokeStatic(java.lang.Object, java.lang.Object, java.lang.Object, java.lang.Object, java.lang.Object)'> (0x0000000083fd9098) 
thrown [s\src\hotspot\share\interpreter\linkResolver.cpp, line 759]
Event: 11.405 Thread 0x00000203cc32b880 Exception <a 'java/lang/NoSuchMethodError'{0x0000000083fecaf8}: 'java.lang.Object java.lang.invoke.DirectMethodHandle$Holder.newInvokeSpecial(java.lang.Object, java.lang.Object, java.lang.Object, java.lang.Object, java.lang.Object, java.lang.Object, java.lang.Object)'> (0x0000000083fecaf8) 
thrown [s\src\hotspot\share\interpreter\linkResolver.cpp, line 759]
Event: 11.482 Thread 0x00000203cc32b880 Exception <a 'java/lang/NoSuchMethodError'{0x0000000083c64570}: 'java.lang.Object java.lang.invoke.DirectMethodHandle$Holder.newInvokeSpecial(java.lang.Object, java.lang.Object, int, java.lang.Object, int, java.lang.Object, java.lang.Object, java.lang.Object)'> (0x0000000083c64570) 
thrown [s\src\hotspot\share\interpreter\linkResolver.cpp, line 759]
Event: 11.483 Thread 0x00000203cc32b880 Exception <a 'java/lang/NoSuchMethodError'{0x0000000083c71460}: 'int java.lang.invoke.DirectMethodHandle$Holder.invokeSpecial(java.lang.Object, java.lang.Object, java.lang.Object, java.lang.Object, java.lang.Object, java.lang.Object)'> (0x0000000083c71460) 
thrown [s\src\hotspot\share\interpreter\linkResolver.cpp, line 759]
Event: 11.489 Thread 0x00000203cc32b880 Exception <a 'java/lang/NoSuchMethodError'{0x0000000083cbb1a0}: 'java.lang.Object java.lang.invoke.DirectMethodHandle$Holder.newInvokeSpecial(java.lang.Object, java.lang.Object, java.lang.Object, java.lang.Object, java.lang.Object, java.lang.Object, java.lang.Object, int)'> (0x0000000083cbb1a0) 
thrown [s\src\hotspot\share\interpreter\linkResolver.cpp, line 759]
Event: 11.489 Thread 0x00000203cc32b880 Exception <a 'java/lang/NoSuchMethodError'{0x0000000083cc0198}: 'java.lang.Object java.lang.invoke.DirectMethodHandle$Holder.invokeSpecial(java.lang.Object, java.lang.Object, java.lang.Object, java.lang.Object, java.lang.Object, java.lang.Object, java.lang.Object, java.lang.Object, int)'> (0x0000000083cc0198) 
thrown [s\src\hotspot\share\interpreter\linkResolver.cpp, line 759]
Event: 11.489 Thread 0x00000203cc32b880 Exception <a 'java/lang/NoSuchMethodError'{0x0000000083cc4c60}: 'java.lang.Object java.lang.invoke.Invokers$Holder.linkToTargetMethod(java.lang.Object, java.lang.Object, java.lang.Object, java.lang.Object, java.lang.Object, java.lang.Object, int, java.lang.Object)'> (0x0000000083cc4c60) 
thrown [s\src\hotspot\share\interpreter\linkResolver.cpp, line 759]
Event: 11.547 Thread 0x00000203cc32b880 Exception <a 'java/lang/NoSuchMethodError'{0x0000000089947610}: 'void java.lang.invoke.DirectMethodHandle$Holder.invokeInterface(java.lang.Object, java.lang.Object)'> (0x0000000089947610) 
thrown [s\src\hotspot\share\interpreter\linkResolver.cpp, line 759]
Event: 11.863 Thread 0x00000203cc32b880 Exception <a 'java/lang/NoSuchMethodError'{0x000000008515e3c0}: 'java.lang.Object java.lang.invoke.DirectMethodHandle$Holder.invokeSpecial(java.lang.Object, java.lang.Object, int, java.lang.Object, int)'> (0x000000008515e3c0) 
thrown [s\src\hotspot\share\interpreter\linkResolver.cpp, line 759]
Event: 12.142 Thread 0x00000203cc32b880 Exception <a 'java/lang/IncompatibleClassChangeError'{0x0000000084c84b98}: Found class java.lang.Object, but interface was expected> (0x0000000084c84b98) 
thrown [s\src\hotspot\share\interpreter\linkResolver.cpp, line 826]

VM Operations (20 events):
Event: 9.588 Executing VM operation: Cleanup
Event: 9.589 Executing VM operation: Cleanup done
Event: 9.666 Executing VM operation: G1CollectForAllocation
Event: 9.674 Executing VM operation: G1CollectForAllocation done
Event: 10.156 Executing VM operation: CollectForMetadataAllocation
Event: 10.162 Executing VM operation: CollectForMetadataAllocation done
Event: 10.215 Executing VM operation: G1Concurrent
Event: 10.219 Executing VM operation: G1Concurrent done
Event: 10.242 Executing VM operation: G1Concurrent
Event: 10.242 Executing VM operation: G1Concurrent done
Event: 11.125 Executing VM operation: HandshakeAllThreads
Event: 11.126 Executing VM operation: HandshakeAllThreads done
Event: 11.240 Executing VM operation: ICBufferFull
Event: 11.240 Executing VM operation: ICBufferFull done
Event: 11.529 Executing VM operation: G1CollectForAllocation
Event: 11.536 Executing VM operation: G1CollectForAllocation done
Event: 11.626 Executing VM operation: HandshakeAllThreads
Event: 11.626 Executing VM operation: HandshakeAllThreads done
Event: 11.739 Executing VM operation: HandshakeAllThreads
Event: 11.739 Executing VM operation: HandshakeAllThreads done

Events (20 events):
Event: 9.687 loading class java/util/concurrent/CompletableFuture
Event: 9.689 loading class java/util/concurrent/CompletableFuture done
Event: 9.689 loading class java/util/concurrent/CompletableFuture$AltResult
Event: 9.689 loading class java/util/concurrent/CompletableFuture$AltResult done
Event: 9.689 loading class java/util/concurrent/CompletableFuture$Completion
Event: 9.689 loading class java/util/concurrent/CompletableFuture$AsynchronousCompletionTask
Event: 9.689 loading class java/util/concurrent/CompletableFuture$AsynchronousCompletionTask done
Event: 9.689 loading class java/util/concurrent/ForkJoinTask
Event: 9.690 loading class java/util/concurrent/ForkJoinTask done
Event: 9.690 loading class java/util/concurrent/CompletableFuture$Completion done
Event: 9.776 loading class sun/reflect/annotation/TypeAnnotation$TypeAnnotationTargetInfo
Event: 9.777 loading class sun/reflect/annotation/TypeAnnotation$TypeAnnotationTargetInfo done
Event: 9.884 loading class java/util/concurrent/CancellationException
Event: 9.884 loading class java/util/concurrent/CancellationException done
Event: 11.991 loading class javax/naming/Reference
Event: 11.992 loading class javax/naming/Reference done
Event: 12.050 loading class java/lang/SafeVarargs
Event: 12.050 loading class java/lang/SafeVarargs done
Event: 12.057 loading class sun/reflect/generics/reflectiveObjects/GenericArrayTypeImpl
Event: 12.057 loading class sun/reflect/generics/reflectiveObjects/GenericArrayTypeImpl done


Dynamic libraries:
0x00007ff7751b0000 - 0x00007ff7751be000 	C:\Program Files\STS\plugins\org.eclipse.justj.openjdk.hotspot.jre.full.win32.x86_64_17.0.5.v20221102-0933\jre\bin\javaw.exe
0x00007ffd24f30000 - 0x00007ffd25128000 	C:\Windows\SYSTEM32\ntdll.dll
0x00007ffd24e30000 - 0x00007ffd24eef000 	C:\Windows\System32\KERNEL32.DLL
0x00007ffd22800000 - 0x00007ffd22ad2000 	C:\Windows\System32\KERNELBASE.dll
0x00007ffd22e80000 - 0x00007ffd22f80000 	C:\Windows\System32\ucrtbase.dll
0x00007ffd0e220000 - 0x00007ffd0e237000 	C:\Program Files\STS\plugins\org.eclipse.justj.openjdk.hotspot.jre.full.win32.x86_64_17.0.5.v20221102-0933\jre\bin\jli.dll
0x00007ffd241d0000 - 0x00007ffd24371000 	C:\Windows\System32\USER32.dll
0x00007ffd22e50000 - 0x00007ffd22e72000 	C:\Windows\System32\win32u.dll
0x00007ffd241a0000 - 0x00007ffd241cb000 	C:\Windows\System32\GDI32.dll
0x00007ffd226f0000 - 0x00007ffd227ff000 	C:\Windows\System32\gdi32full.dll
0x00007ffd22db0000 - 0x00007ffd22e4d000 	C:\Windows\System32\msvcp_win.dll
0x00007ffd012c0000 - 0x00007ffd012d9000 	C:\Program Files\STS\plugins\org.eclipse.justj.openjdk.hotspot.jre.full.win32.x86_64_17.0.5.v20221102-0933\jre\bin\VCRUNTIME140.dll
0x00007ffd12cb0000 - 0x00007ffd12f4a000 	C:\Windows\WinSxS\amd64_microsoft.windows.common-controls_6595b64144ccf1df_6.0.19041.1110_none_60b5254171f9507e\COMCTL32.dll
0x00007ffd23b00000 - 0x00007ffd23b9e000 	C:\Windows\System32\msvcrt.dll
0x00007ffd23430000 - 0x00007ffd23460000 	C:\Windows\System32\IMM32.DLL
0x00007ffd10470000 - 0x00007ffd1047c000 	C:\Program Files\STS\plugins\org.eclipse.justj.openjdk.hotspot.jre.full.win32.x86_64_17.0.5.v20221102-0933\jre\bin\vcruntime140_1.dll
0x00007ffcea1d0000 - 0x00007ffcea261000 	C:\Program Files\STS\plugins\org.eclipse.justj.openjdk.hotspot.jre.full.win32.x86_64_17.0.5.v20221102-0933\jre\bin\msvcp140.dll
0x00007ffc9c8b0000 - 0x00007ffc9d4f4000 	C:\Program Files\STS\plugins\org.eclipse.justj.openjdk.hotspot.jre.full.win32.x86_64_17.0.5.v20221102-0933\jre\bin\server\jvm.dll
0x00007ffd23ba0000 - 0x00007ffd23c4e000 	C:\Windows\System32\ADVAPI32.dll
0x00007ffd24af0000 - 0x00007ffd24b8c000 	C:\Windows\System32\sechost.dll
0x00007ffd23250000 - 0x00007ffd23374000 	C:\Windows\System32\RPCRT4.dll
0x00007ffd11410000 - 0x00007ffd11419000 	C:\Windows\SYSTEM32\WSOCK32.dll
0x00007ffd23540000 - 0x00007ffd235ab000 	C:\Windows\System32\WS2_32.dll
0x00007ffd12ad0000 - 0x00007ffd12af7000 	C:\Windows\SYSTEM32\WINMM.dll
0x00007ffd1be60000 - 0x00007ffd1be6a000 	C:\Windows\SYSTEM32\VERSION.dll
0x00007ffd20ed0000 - 0x00007ffd20ee2000 	C:\Windows\SYSTEM32\kernel.appcore.dll
0x00007ffd1bd10000 - 0x00007ffd1bd1a000 	C:\Program Files\STS\plugins\org.eclipse.justj.openjdk.hotspot.jre.full.win32.x86_64_17.0.5.v20221102-0933\jre\bin\jimage.dll
0x00007ffd20b40000 - 0x00007ffd20d24000 	C:\Windows\SYSTEM32\DBGHELP.DLL
0x00007ffd10dd0000 - 0x00007ffd10e05000 	C:\Windows\SYSTEM32\dbgcore.DLL
0x00007ffd22d20000 - 0x00007ffd22da2000 	C:\Windows\System32\bcryptPrimitives.dll
0x00007ffd10220000 - 0x00007ffd10245000 	C:\Program Files\STS\plugins\org.eclipse.justj.openjdk.hotspot.jre.full.win32.x86_64_17.0.5.v20221102-0933\jre\bin\java.dll
0x00007ffd0d6b0000 - 0x00007ffd0d6c8000 	C:\Program Files\STS\plugins\org.eclipse.justj.openjdk.hotspot.jre.full.win32.x86_64_17.0.5.v20221102-0933\jre\bin\zip.dll
0x00007ffd243a0000 - 0x00007ffd24ae5000 	C:\Windows\System32\SHELL32.dll
0x00007ffd203a0000 - 0x00007ffd20b32000 	C:\Windows\SYSTEM32\windows.storage.dll
0x00007ffd23e40000 - 0x00007ffd24195000 	C:\Windows\System32\combase.dll
0x00007ffd21fb0000 - 0x00007ffd21fe0000 	C:\Windows\SYSTEM32\Wldp.dll
0x00007ffd22f80000 - 0x00007ffd2302d000 	C:\Windows\System32\SHCORE.dll
0x00007ffd23de0000 - 0x00007ffd23e35000 	C:\Windows\System32\shlwapi.dll
0x00007ffd22570000 - 0x00007ffd2258f000 	C:\Windows\SYSTEM32\profapi.dll
0x00007ffd0cac0000 - 0x00007ffd0cad9000 	C:\Program Files\STS\plugins\org.eclipse.justj.openjdk.hotspot.jre.full.win32.x86_64_17.0.5.v20221102-0933\jre\bin\net.dll
0x00007ffd192f0000 - 0x00007ffd193fa000 	C:\Windows\SYSTEM32\WINHTTP.dll
0x00007ffd21d10000 - 0x00007ffd21d7a000 	C:\Windows\system32\mswsock.dll
0x00007ffd064d0000 - 0x00007ffd064e5000 	C:\Program Files\STS\plugins\org.eclipse.justj.openjdk.hotspot.jre.full.win32.x86_64_17.0.5.v20221102-0933\jre\bin\nio.dll
0x00007ffd10ec0000 - 0x00007ffd10ec9000 	C:\Program Files\STS\plugins\org.eclipse.justj.openjdk.hotspot.jre.full.win32.x86_64_17.0.5.v20221102-0933\jre\bin\management.dll
0x00007ffd0d700000 - 0x00007ffd0d70b000 	C:\Program Files\STS\plugins\org.eclipse.justj.openjdk.hotspot.jre.full.win32.x86_64_17.0.5.v20221102-0933\jre\bin\management_ext.dll
0x00007ffd23240000 - 0x00007ffd23248000 	C:\Windows\System32\PSAPI.DLL
0x00007ffd05e90000 - 0x00007ffd05ea7000 	C:\Windows\system32\napinsp.dll
0x00007ffd05e70000 - 0x00007ffd05e8b000 	C:\Windows\system32\pnrpnsp.dll
0x00007ffd1c9d0000 - 0x00007ffd1c9e5000 	C:\Windows\system32\wshbth.dll
0x00007ffd1dc60000 - 0x00007ffd1dc7d000 	C:\Windows\system32\NLAapi.dll
0x00007ffd21a00000 - 0x00007ffd21a3b000 	C:\Windows\SYSTEM32\IPHLPAPI.DLL
0x00007ffd21a40000 - 0x00007ffd21b0b000 	C:\Windows\SYSTEM32\DNSAPI.dll
0x00007ffd23380000 - 0x00007ffd23388000 	C:\Windows\System32\NSI.dll
0x00007ffd058d0000 - 0x00007ffd058e2000 	C:\Windows\System32\winrnr.dll
0x00007ffd12800000 - 0x00007ffd1280a000 	C:\Windows\System32\rasadhlp.dll
0x00007ffd12820000 - 0x00007ffd128a0000 	C:\Windows\System32\fwpuclnt.dll
0x00007ffd22ae0000 - 0x00007ffd22b07000 	C:\Windows\System32\bcrypt.dll
0x00007ffd21f10000 - 0x00007ffd21f28000 	C:\Windows\SYSTEM32\CRYPTSP.dll
0x00007ffd21630000 - 0x00007ffd21664000 	C:\Windows\system32\rsaenh.dll
0x00007ffd22530000 - 0x00007ffd2255e000 	C:\Windows\SYSTEM32\USERENV.dll
0x00007ffd21f00000 - 0x00007ffd21f0c000 	C:\Windows\SYSTEM32\CRYPTBASE.dll
0x00007ffd1a670000 - 0x00007ffd1a687000 	C:\Windows\SYSTEM32\dhcpcsvc6.DLL
0x00007ffd1a7f0000 - 0x00007ffd1a80d000 	C:\Windows\SYSTEM32\dhcpcsvc.DLL
0x00007ffd19ca0000 - 0x00007ffd19cb0000 	C:\Program Files\STS\plugins\org.eclipse.justj.openjdk.hotspot.jre.full.win32.x86_64_17.0.5.v20221102-0933\jre\bin\verify.dll
0x00007ffd19b00000 - 0x00007ffd19b0e000 	C:\Program Files\STS\plugins\org.eclipse.justj.openjdk.hotspot.jre.full.win32.x86_64_17.0.5.v20221102-0933\jre\bin\sunmscapi.dll
0x00007ffd22bc0000 - 0x00007ffd22d16000 	C:\Windows\System32\CRYPT32.dll
0x00007ffd22020000 - 0x00007ffd22047000 	C:\Windows\SYSTEM32\ncrypt.dll
0x00007ffd21fe0000 - 0x00007ffd2201b000 	C:\Windows\SYSTEM32\NTASN1.dll

dbghelp: loaded successfully - version: 4.0.5 - missing functions: none
symbol engine: initialized successfully - sym options: 0x614 - pdb path: .;C:\Program Files\STS\plugins\org.eclipse.justj.openjdk.hotspot.jre.full.win32.x86_64_17.0.5.v20221102-0933\jre\bin;C:\Windows\SYSTEM32;C:\Windows\WinSxS\amd64_microsoft.windows.common-controls_6595b64144ccf1df_6.0.19041.1110_none_60b5254171f9507e;C:\Program Files\STS\plugins\org.eclipse.justj.openjdk.hotspot.jre.full.win32.x86_64_17.0.5.v20221102-0933\jre\bin\server

VM Arguments:
jvm_args: -Dcom.sun.management.jmxremote -Dcom.sun.management.jmxremote.port=58027 -Dcom.sun.management.jmxremote.authenticate=false -Dcom.sun.management.jmxremote.ssl=false -Djava.rmi.server.hostname=localhost -Dspring.jmx.enabled=true -Dmanagement.endpoints.jmx.exposure.include=* -Dspring.application.admin.enabled=true -XX:TieredStopAtLevel=1 -Dspring.boot.project.name=OnlinePlantNurseryApplication -Dfile.encoding=UTF-8 -XX:+ShowCodeDetailsInExceptionMessages 
java_command: com.masai.OnlinePlantNurseryApplication --spring.output.ansi.enabled=always
java_class_path (initial): D:\max-oranges-6244\OnlinePlantNurseryApplication\target\classes;C:\Users\HP\.m2\repository\net\bytebuddy\byte-buddy\1.12.13\byte-buddy-1.12.13.jar;C:\Users\HP\.m2\repository\org\springframework\boot\spring-boot-starter-data-jpa\3.0.5\spring-boot-starter-data-jpa-3.0.5.jar;C:\Users\HP\.m2\repository\org\springframework\boot\spring-boot-starter-aop\3.0.5\spring-boot-starter-aop-3.0.5.jar;C:\Users\HP\.m2\repository\org\springframework\spring-aop\6.0.7\spring-aop-6.0.7.jar;C:\Users\HP\.m2\repository\org\aspectj\aspectjweaver\1.9.19\aspectjweaver-1.9.19.jar;C:\Users\HP\.m2\repository\org\springframework\boot\spring-boot-starter-jdbc\3.0.5\spring-boot-starter-jdbc-3.0.5.jar;C:\Users\HP\.m2\repository\com\zaxxer\HikariCP\5.0.1\HikariCP-5.0.1.jar;C:\Users\HP\.m2\repository\org\springframework\spring-jdbc\6.0.7\spring-jdbc-6.0.7.jar;C:\Users\HP\.m2\repository\org\hibernate\orm\hibernate-core\6.1.7.Final\hibernate-core-6.1.7.Final.jar;C:\Users\HP\.m2\repository\jakarta\persistence\jakarta.persistence-api\3.1.0\jakarta.persistence-api-3.1.0.jar;C:\Users\HP\.m2\repository\jakarta\transaction\jakarta.transaction-api\2.0.1\jakarta.transaction-api-2.0.1.jar;C:\Users\HP\.m2\repository\org\jboss\logging\jboss-logging\3.5.0.Final\jboss-logging-3.5.0.Final.jar;C:\Users\HP\.m2\repository\org\hibernate\common\hibernate-commons-annotations\6.0.6.Final\hibernate-commons-annotations-6.0.6.Final.jar;C:\Users\HP\.m2\repository\org\jboss\jandex\2.4.2.Final\jandex-2.4.2.Final.jar;C:\Users\HP\.m2\repository\com\fasterxml\classmate\1.5.1\classmate-1.5.1.jar;C:\Users\HP\.m2\repository\org\glassfish\jaxb\jaxb-runtime\4.0.2\jaxb-runtime-4.0.2.jar;C:\Users\HP\.m2\repository\org\glassfish\jaxb\jaxb-core\4.0.2\jaxb-core-4.0.2.jar;C:\Users\HP\.m2\repository\org\eclipse\angus\angus-activation\2.0.0\angus-activation-2.0.0.jar;C:\Users\HP\.m2\repository\org\glassfish\jaxb\txw2\4.0.2\txw2-4.0.2.jar;C:\Users\HP\.m2\repository\com\sun\istack\istack-commons-runtime\4.1.1\istack-c
Launcher Type: SUN_STANDARD

[Global flags]
     intx CICompilerCount                          = 3                                         {product} {ergonomic}
     uint ConcGCThreads                            = 1                                         {product} {ergonomic}
     uint G1ConcRefinementThreads                  = 4                                         {product} {ergonomic}
   size_t G1HeapRegionSize                         = 1048576                                   {product} {ergonomic}
    uintx GCDrainStackTargetSize                   = 64                                        {product} {ergonomic}
   size_t InitialHeapSize                          = 134217728                                 {product} {ergonomic}
     bool ManagementServer                         = true                                      {product} {command line}
   size_t MarkStackSize                            = 4194304                                   {product} {ergonomic}
   size_t MaxHeapSize                              = 2120220672                                {product} {ergonomic}
   size_t MaxNewSize                               = 1271922688                                {product} {ergonomic}
   size_t MinHeapDeltaBytes                        = 1048576                                   {product} {ergonomic}
   size_t MinHeapSize                              = 8388608                                   {product} {ergonomic}
    uintx NonProfiledCodeHeapSize                  = 0                                      {pd product} {ergonomic}
     bool ProfileInterpreter                       = false                                  {pd product} {command line}
    uintx ProfiledCodeHeapSize                     = 0                                      {pd product} {ergonomic}
     bool ShowCodeDetailsInExceptionMessages       = true                                   {manageable} {command line}
   size_t SoftMaxHeapSize                          = 2120220672                             {manageable} {ergonomic}
     intx TieredStopAtLevel                        = 1                                         {product} {command line}
     bool UseCompressedClassPointers               = true                           {product lp64_product} {ergonomic}
     bool UseCompressedOops                        = true                           {product lp64_product} {ergonomic}
     bool UseG1GC                                  = true                                      {product} {ergonomic}
     bool UseLargePagesIndividualAllocation        = false                                  {pd product} {ergonomic}

Logging:
Log output configuration:
 #0: stdout all=warning uptime,level,tags
 #1: stderr all=off uptime,level,tags

Environment Variables:
JAVA_HOME=C:\Users\HP\AppData\Local\Programs\Eclipse Adoptium\jdk-17.0.5.8-hotspot\
PATH=C:/Program Files/STS//plugins/org.eclipse.justj.openjdk.hotspot.jre.full.win32.x86_64_17.0.5.v20221102-0933/jre/bin/server;C:/Program Files/STS//plugins/org.eclipse.justj.openjdk.hotspot.jre.full.win32.x86_64_17.0.5.v20221102-0933/jre/bin;C:\Program Files\Common Files\Oracle\Java\javapath;C:\Python310\Scripts\;C:\Python310\;C:\Program Files (x86)\Common Files\Intel\Shared Libraries\redist\intel64\compiler;C:\Windows\system32;C:\Windows;C:\Windows\System32\Wbem;C:\Windows\System32\WindowsPowerShell\v1.0\;C:\Windows\System32\OpenSSH\;C:\MinGW\bin;C:\ProgramData\chocolatey\bin;C:\Program Files\Git\cmd;C:\Program Files\dotnet\;C:\Program Files\Microsoft VS Code\bin;C:\Program Files\nodejs\;C:\Program Files\Java\jdk-19\bin;C:\apache-maven-3.9.0-bin\apache-maven-3.9.0\bin;C:\Users\HP\AppData\Local\Programs\Eclipse Adoptium\jdk-17.0.5.8-hotspot\bin;C:\Users\HP\AppData\Local\Microsoft\WindowsApps;C:\Users\HP\AppData\Local\Programs\Microsoft VS Code\bin;C:\Users\HP\AppData\Roaming\npm;C:\Program Files\STS;
USERNAME=HP
OS=Windows_NT
PROCESSOR_IDENTIFIER=Intel64 Family 6 Model 78 Stepping 3, GenuineIntel
TMP=C:\Users\HP\AppData\Local\Temp
TEMP=C:\Users\HP\AppData\Local\Temp



---------------  S Y S T E M  ---------------

OS:
 Windows 10 , 64 bit Build 19041 (10.0.19041.2546)
OS uptime: 2 days 9:28 hours

CPU: total 4 (initial active 4) (2 cores per cpu, 2 threads per core) family 6 model 78 stepping 3 microcode 0xcc, cx8, cmov, fxsr, ht, mmx, 3dnowpref, sse, sse2, sse3, ssse3, sse4.1, sse4.2, popcnt, lzcnt, tsc, tscinvbit, avx, avx2, aes, erms, clmul, bmi1, bmi2, adx, fma, vzeroupper, clflush, clflushopt

Memory: 4k page, system-wide physical 8082M (246M free)
TotalPageFile size 32658M (AvailPageFile size 0M)
current process WorkingSet (physical memory assigned to process): 198M, peak: 198M
current process commit charge ("private bytes"): 222M, peak: 222M

vm_info: OpenJDK 64-Bit Server VM (17.0.5+8) for windows-amd64 JRE (17.0.5+8), built on Oct 19 2022 04:48:13 by "temurin" with MS VC++ 16.7 (VS2019)

END.
